0 info it worked if it ends with ok
1 verbose cli [ '/usr/bin/node', '/usr/bin/npm', 'v' ]
2 info using npm@3.5.2
3 info using node@v8.10.0
4 silly mapToRegistry name nodejs-folder-structure
5 silly mapToRegistry using default registry
6 silly mapToRegistry registry https://registry.npmjs.org/
7 silly mapToRegistry uri https://registry.npmjs.org/nodejs-folder-structure
8 verbose request uri https://registry.npmjs.org/nodejs-folder-structure
9 verbose request no auth needed
10 info attempt registry request try #1 at 10:53:24
11 verbose request id fee6d3631a2fe86d
12 http request GET https://registry.npmjs.org/nodejs-folder-structure
13 http 404 https://registry.npmjs.org/nodejs-folder-structure
14 verbose headers { date: 'Sun, 16 Aug 2020 05:23:26 GMT',
14 verbose headers   'content-type': 'application/json',
14 verbose headers   'content-length': '21',
14 verbose headers   connection: 'keep-alive',
14 verbose headers   'set-cookie':
14 verbose headers    [ '__cfduid=dda688e88127609ba2151a25613b7f2541597555405; expires=Tue, 15-Sep-20 05:23:25 GMT; path=/; domain=.npmjs.org; HttpOnly; SameSite=Lax' ],
14 verbose headers   'cf-ray': '5c38b9235d48e32a-CCU',
14 verbose headers   vary: 'Accept-Encoding',
14 verbose headers   'cf-cache-status': 'MISS',
14 verbose headers   'cf-request-id': '0497520a150000e32ac11c0200000001',
14 verbose headers   'expect-ct': 'max-age=604800, report-uri="https://report-uri.cloudflare.com/cdn-cgi/beacon/expect-ct"',
14 verbose headers   server: 'cloudflare' }
15 silly get cb [ 404,
15 silly get   { date: 'Sun, 16 Aug 2020 05:23:26 GMT',
15 silly get     'content-type': 'application/json',
15 silly get     'content-length': '21',
15 silly get     connection: 'keep-alive',
15 silly get     'set-cookie':
15 silly get      [ '__cfduid=dda688e88127609ba2151a25613b7f2541597555405; expires=Tue, 15-Sep-20 05:23:25 GMT; path=/; domain=.npmjs.org; HttpOnly; SameSite=Lax' ],
15 silly get     'cf-ray': '5c38b9235d48e32a-CCU',
15 silly get     vary: 'Accept-Encoding',
15 silly get     'cf-cache-status': 'MISS',
15 silly get     'cf-request-id': '0497520a150000e32ac11c0200000001',
15 silly get     'expect-ct': 'max-age=604800, report-uri="https://report-uri.cloudflare.com/cdn-cgi/beacon/expect-ct"',
15 silly get     server: 'cloudflare' } ]
16 verbose stack Error: Not found : nodejs-folder-structure
16 verbose stack     at makeError (/usr/share/npm/node_modules/npm-registry-client/lib/request.js:264:12)
16 verbose stack     at CachingRegistryClient.<anonymous> (/usr/share/npm/node_modules/npm-registry-client/lib/request.js:252:14)
16 verbose stack     at Request._callback (/usr/share/npm/node_modules/npm-registry-client/lib/request.js:172:14)
16 verbose stack     at Request.self.callback (/usr/share/npm/node_modules/request/request.js:198:22)
16 verbose stack     at emitTwo (events.js:126:13)
16 verbose stack     at Request.emit (events.js:214:7)
16 verbose stack     at Request.<anonymous> (/usr/share/npm/node_modules/request/request.js:1082:10)
16 verbose stack     at emitOne (events.js:121:20)
16 verbose stack     at Request.emit (events.js:211:7)
16 verbose stack     at IncomingMessage.<anonymous> (/usr/share/npm/node_modules/request/request.js:1009:12)
17 verbose statusCode 404
18 verbose pkgid nodejs-folder-structure
19 verbose cwd /home/hp/Desktop/Avinash/29-04-2020/betting-sny
20 error Linux 5.4.0-42-generic
21 error argv "/usr/bin/node" "/usr/bin/npm" "v"
22 error node v8.10.0
23 error npm  v3.5.2
24 error code E404
25 error 404 Not found : nodejs-folder-structure
26 error 404
27 error 404 'nodejs-folder-structure' is not in the npm registry.
28 error 404 You should bug the author to publish it (or use the name yourself!)
29 error 404 Note that you can also install from a
30 error 404 tarball, folder, http url, or git url.
31 verbose exit [ 1, true ]
